<?xml version="1.0" encoding="UTF-8"?>
<!-- Generated by org.testng.reporters.JUnitReportReporter -->
<testsuite hostname="DESKTOP-1RSIF0N" failures="0" tests="2" name="rahulshettyacademy.tests.errorValidation" time="11.301" errors="0" timestamp="2023-10-20T15:35:22 IST" skipped="0">
  <testcase classname="rahulshettyacademy.tests.errorValidation" name="loginerrorvalidaion" time="2.727"/>
  <system-out/>
  <testcase classname="rahulshettyacademy.tests.errorValidation" name="productnamevalidation" time="8.574"/>
  <system-out/>
</testsuite> <!-- rahulshettyacademy.tests.errorValidation -->
