<?xml version="1.0" encoding="UTF-8"?>
<!-- Generated by org.testng.reporters.JUnitReportReporter -->
<testsuite hostname="DESKTOP-1RSIF0N" failures="0" tests="1" name="rahulshettyacademy.tests.submitTest2" time="3.126" errors="0" timestamp="2023-10-19T16:54:37 IST" skipped="0">
  <testcase classname="rahulshettyacademy.tests.submitTest2" name="submitOrder" time="3.126"/>
  <system-out/>
</testsuite> <!-- rahulshettyacademy.tests.submitTest2 -->
