<?xml version="1.0" encoding="UTF-8"?>
<!-- Generated by org.testng.reporters.JUnitReportReporter -->
<testsuite hostname="DESKTOP-4N84MDJ" failures="0" tests="3" name="rahulshettyacademy.tests.submitTest" time="31.017" errors="0" timestamp="2024-04-14T13:32:40 IST" skipped="0">
  <testcase classname="rahulshettyacademy.tests.submitTest" name="submitOrder" time="10.999"/>
  <system-out/>
  <testcase classname="rahulshettyacademy.tests.submitTest" name="orderhistory" time="8.837"/>
  <system-out/>
  <testcase classname="rahulshettyacademy.tests.submitTest" name="submitOrder" time="11.181"/>
  <system-out/>
</testsuite> <!-- rahulshettyacademy.tests.submitTest -->
